[12:56:37.062] Global cache location '/home/chris/.cache/typescript/4.5', safe file path '/home/chris/.emacs.d/.cache/lsp/npm/typescript/lib/node_modules/typescript/lib/typingSafeList.json', types map path /home/chris/.emacs.d/.cache/lsp/npm/typescript/lib/node_modules/typescript/lib/typesMap.json
[12:56:37.063] Processing cache location '/home/chris/.cache/typescript/4.5'
[12:56:37.063] Trying to find '/home/chris/.cache/typescript/4.5/package.json'...
[12:56:37.064] Loaded content of '/home/chris/.cache/typescript/4.5/package.json': {"private":true,"dependencies":{"types-registry":"^0.1.576"},"devDependencies":{"@types/bcrypt":"^5.0.0","@types/history":"^4.7.9","@types/inherits":"^0.0.30","@types/meteor":"^1.4.84","@types/object-assign":"^4.0.30","@types/prop-types":"^15.7.4","@types/react":"^17.0.37","@types/react-dom":"^17.0.11","@types/scheduler":"^0.16.2","@types/webfontloader":"^1.6.33"}}
[12:56:37.064] Loaded content of '/home/chris/.cache/typescript/4.5/package-lock.json'
[12:56:37.078] Adding entry into typings cache: 'bcrypt' => '/home/chris/.cache/typescript/4.5/node_modules/@types/bcrypt/index.d.ts'
[12:56:37.081] Adding entry into typings cache: 'history' => '/home/chris/.cache/typescript/4.5/node_modules/@types/history/index.d.ts'
[12:56:37.082] Adding entry into typings cache: 'inherits' => '/home/chris/.cache/typescript/4.5/node_modules/@types/inherits/index.d.ts'
[12:56:37.087] Adding entry into typings cache: 'meteor' => '/home/chris/.cache/typescript/4.5/node_modules/@types/meteor/index.d.ts'
[12:56:37.089] Adding entry into typings cache: 'object-assign' => '/home/chris/.cache/typescript/4.5/node_modules/@types/object-assign/index.d.ts'
[12:56:37.091] Adding entry into typings cache: 'prop-types' => '/home/chris/.cache/typescript/4.5/node_modules/@types/prop-types/index.d.ts'
[12:56:37.097] Adding entry into typings cache: 'react' => '/home/chris/.cache/typescript/4.5/node_modules/@types/react/index.d.ts'
[12:56:37.099] Adding entry into typings cache: 'react-dom' => '/home/chris/.cache/typescript/4.5/node_modules/@types/react-dom/index.d.ts'
[12:56:37.101] Adding entry into typings cache: 'scheduler' => '/home/chris/.cache/typescript/4.5/node_modules/@types/scheduler/index.d.ts'
[12:56:37.103] Adding entry into typings cache: 'webfontloader' => '/home/chris/.cache/typescript/4.5/node_modules/@types/webfontloader/index.d.ts'
[12:56:37.103] Finished processing cache location '/home/chris/.cache/typescript/4.5'
[12:56:37.104] Process id: 239270
[12:56:37.104] NPM location: /usr/bin/npm (explicit '--npmLocation' not  provided)
[12:56:37.104] validateDefaultNpmLocation: false
[12:56:37.104] Npm config file: /home/chris/.cache/typescript/4.5/package.json
[12:56:37.104] Updating types-registry npm package...
[12:56:37.104] Exec: /usr/bin/npm install --ignore-scripts types-registry@latest
[12:56:37.116]     Failed. stdout:
    stderr:
    /bin/sh: line 1: /usr/bin/npm: No such file or directory
    
[12:56:37.116] Updated types-registry npm package
[12:56:43.760] Got install request {"projectName":"/dev/null/inferredProject1*","fileNames":["/home/chris/.emacs.d/.cache/lsp/npm/typescript/lib/node_modules/typescript/lib/lib.es5.d.ts","/home/chris/.emacs.d/.cache/lsp/npm/typescript/lib/node_modules/typescript/lib/lib.es2015.d.ts","/home/chris/.emacs.d/.cache/lsp/npm/typescript/lib/node_modules/typescript/lib/lib.es2016.d.ts","/home/chris/.emacs.d/.cache/lsp/npm/typescript/lib/node_modules/typescript/lib/lib.dom.d.ts","/home/chris/.emacs.d/.cache/lsp/npm/typescript/lib/node_modules/typescript/lib/lib.dom.iterable.d.ts","/home/chris/.emacs.d/.cache/lsp/npm/typescript/lib/node_modules/typescript/lib/lib.webworker.importscripts.d.ts","/home/chris/.emacs.d/.cache/lsp/npm/typescript/lib/node_modules/typescript/lib/lib.scripthost.d.ts","/home/chris/.emacs.d/.cache/lsp/npm/typescript/lib/node_modules/typescript/lib/lib.es2015.core.d.ts","/home/chris/.emacs.d/.cache/lsp/npm/typescript/lib/node_modules/typescript/lib/lib.es2015.collection.d.ts","/home/chris/.emacs.d/.cache/lsp/npm/typescript/lib/node_modules/typescript/lib/lib.es2015.generator.d.ts","/home/chris/.emacs.d/.cache/lsp/npm/typescript/lib/node_modules/typescript/lib/lib.es2015.iterable.d.ts","/home/chris/.emacs.d/.cache/lsp/npm/typescript/lib/node_modules/typescript/lib/lib.es2015.promise.d.ts","/home/chris/.emacs.d/.cache/lsp/npm/typescript/lib/node_modules/typescript/lib/lib.es2015.proxy.d.ts","/home/chris/.emacs.d/.cache/lsp/npm/typescript/lib/node_modules/typescript/lib/lib.es2015.reflect.d.ts","/home/chris/.emacs.d/.cache/lsp/npm/typescript/lib/node_modules/typescript/lib/lib.es2015.symbol.d.ts","/home/chris/.emacs.d/.cache/lsp/npm/typescript/lib/node_modules/typescript/lib/lib.es2015.symbol.wellknown.d.ts","/home/chris/.emacs.d/.cache/lsp/npm/typescript/lib/node_modules/typescript/lib/lib.es2016.array.include.d.ts","/home/chris/.emacs.d/.cache/lsp/npm/typescript/lib/node_modules/typescript/lib/lib.es2016.full.d.ts","/home/chris/WebDev/sites/ark-webstore/src/components/Figure.js","/home/chris/WebDev/sites/ark-webstore/src/components/Role.js"],"compilerOptions":{"module":1,"target":3,"jsx":1,"allowJs":true,"allowSyntheticDefaultImports":true,"allowNonTsExtensions":true,"noEmitForJsFiles":true,"maxNodeModuleJsDepth":2},"typeAcquisition":{"enable":true,"include":[],"exclude":[]},"unresolvedImports":[],"projectRootPath":"/home/chris/WebDev/sites/ark-webstore/src/components","kind":"discover"}
[12:56:43.783] Loaded safelist from types map file '/home/chris/.emacs.d/.cache/lsp/npm/typescript/lib/node_modules/typescript/lib/typesMap.json'
[12:56:43.784] Explicitly included types: []
[12:56:43.785] Inferred typings from unresolved imports: []
[12:56:43.785] Result: {"cachedTypingPaths":[],"newTypingNames":[],"filesToWatch":["/home/chris/WebDev/sites/ark-webstore/src/components/bower_components","/home/chris/WebDev/sites/ark-webstore/src/components/node_modules"]}
[12:56:43.786] Finished typings discovery: {"cachedTypingPaths":[],"newTypingNames":[],"filesToWatch":["/home/chris/WebDev/sites/ark-webstore/src/components/bower_components","/home/chris/WebDev/sites/ark-webstore/src/components/node_modules"]}
[12:56:43.786] DirectoryWatcher:: Added:: WatchInfo: /home/chris/WebDev/sites/ark-webstore/src/components/bower_components
[12:56:43.787] DirectoryWatcher:: Added:: WatchInfo: /home/chris/WebDev/sites/ark-webstore/src/components/bower_components 1 undefined Project: /dev/null/inferredProject1* watcher already invoked: false
[12:56:43.789] Elapsed:: 2.2102320194244385ms DirectoryWatcher:: Added:: WatchInfo: /home/chris/WebDev/sites/ark-webstore/src/components/bower_components 1 undefined Project: /dev/null/inferredProject1* watcher already invoked: false
[12:56:43.789] DirectoryWatcher:: Added:: WatchInfo: /home/chris/WebDev/sites/ark-webstore/src/components/node_modules
[12:56:43.789] DirectoryWatcher:: Added:: WatchInfo: /home/chris/WebDev/sites/ark-webstore/src/components/node_modules 1 undefined Project: /dev/null/inferredProject1* watcher already invoked: false
[12:56:43.790] Elapsed:: 0.18998301029205322ms DirectoryWatcher:: Added:: WatchInfo: /home/chris/WebDev/sites/ark-webstore/src/components/node_modules 1 undefined Project: /dev/null/inferredProject1* watcher already invoked: false
[12:56:43.790] Sending response:
    {"projectName":"/dev/null/inferredProject1*","typeAcquisition":{"enable":true,"include":[],"exclude":[]},"compilerOptions":{"module":1,"target":3,"jsx":1,"allowJs":true,"allowSyntheticDefaultImports":true,"allowNonTsExtensions":true,"noEmitForJsFiles":true,"maxNodeModuleJsDepth":2},"typings":[],"unresolvedImports":[],"kind":"action::set"}
[12:56:43.791] Response has been sent.
[12:56:43.791] No new typings were requested as a result of typings discovery
